{"E:\\REACT-NATIVE-COURSE\\dictionaryApp\\src\\components\\Button.tsx": {"path":"E:\\REACT-NATIVE-COURSE\\dictionaryApp\\src\\components\\Button.tsx","statementMap":{"0":{"start":{"line":19,"column":32},"end":{"line":40,"column":1}},"1":{"start":{"line":26,"column":2},"end":{"line":39,"column":4}},"2":{"start":{"line":42,"column":15},"end":{"line":53,"column":2}}},"fnMap":{"0":{"name":"(anonymous_0)","decl":{"start":{"line":19,"column":32},"end":{"line":19,"column":33}},"loc":{"start":{"line":25,"column":6},"end":{"line":40,"column":1}},"line":25}},"branchMap":{"0":{"loc":{"start":{"line":29,"column":50},"end":{"line":29,"column":68}},"type":"cond-expr","locations":[{"start":{"line":29,"column":61},"end":{"line":29,"column":64}},{"start":{"line":29,"column":67},"end":{"line":29,"column":68}}],"line":29},"1":{"loc":{"start":{"line":31,"column":16},"end":{"line":31,"column":35}},"type":"binary-expr","locations":[{"start":{"line":31,"column":16},"end":{"line":31,"column":23}},{"start":{"line":31,"column":27},"end":{"line":31,"column":35}}],"line":31},"2":{"loc":{"start":{"line":33,"column":7},"end":{"line":37,"column":7}},"type":"cond-expr","locations":[{"start":{"line":34,"column":8},"end":{"line":34,"column":55}},{"start":{"line":36,"column":8},"end":{"line":36,"column":48}}],"line":33}},"s":{"0":1,"1":0,"2":1},"f":{"0":0},"b":{"0":[0,0],"1":[0,0],"2":[0,0]},"_coverageSchema":"1a1c01bbd47fc00a2c39e90264f33305004495a9","hash":"95c7e0a6afe710ac7f52524ebcf4cddafb32f767"}
,"E:\\REACT-NATIVE-COURSE\\dictionaryApp\\src\\screens\\Home.tsx": {"path":"E:\\REACT-NATIVE-COURSE\\dictionaryApp\\src\\screens\\Home.tsx","statementMap":{"0":{"start":{"line":18,"column":18},"end":{"line":18,"column":42}},"1":{"start":{"line":20,"column":17},"end":{"line":192,"column":1}},"2":{"start":{"line":21,"column":26},"end":{"line":21,"column":46}},"3":{"start":{"line":22,"column":28},"end":{"line":22,"column":51}},"4":{"start":{"line":23,"column":38},"end":{"line":23,"column":57}},"5":{"start":{"line":24,"column":34},"end":{"line":24,"column":46}},"6":{"start":{"line":25,"column":32},"end":{"line":25,"column":56}},"7":{"start":{"line":26,"column":36},"end":{"line":29,"column":4}},"8":{"start":{"line":30,"column":42},"end":{"line":33,"column":4}},"9":{"start":{"line":35,"column":2},"end":{"line":49,"column":9}},"10":{"start":{"line":36,"column":4},"end":{"line":48,"column":5}},"11":{"start":{"line":37,"column":6},"end":{"line":47,"column":11}},"12":{"start":{"line":38,"column":24},"end":{"line":38,"column":35}},"13":{"start":{"line":40,"column":10},"end":{"line":40,"column":33}},"14":{"start":{"line":43,"column":10},"end":{"line":46,"column":13}},"15":{"start":{"line":51,"column":23},"end":{"line":77,"column":3}},"16":{"start":{"line":52,"column":4},"end":{"line":52,"column":21}},"17":{"start":{"line":53,"column":4},"end":{"line":76,"column":9}},"18":{"start":{"line":56,"column":22},"end":{"line":56,"column":33}},"19":{"start":{"line":58,"column":8},"end":{"line":66,"column":9}},"20":{"start":{"line":59,"column":10},"end":{"line":62,"column":13}},"21":{"start":{"line":64,"column":10},"end":{"line":64,"column":32}},"22":{"start":{"line":65,"column":10},"end":{"line":65,"column":26}},"23":{"start":{"line":67,"column":8},"end":{"line":67,"column":26}},"24":{"start":{"line":70,"column":8},"end":{"line":70,"column":24}},"25":{"start":{"line":71,"column":8},"end":{"line":74,"column":11}},"26":{"start":{"line":75,"column":8},"end":{"line":75,"column":26}},"27":{"start":{"line":79,"column":32},"end":{"line":82,"column":3}},"28":{"start":{"line":80,"column":4},"end":{"line":80,"column":30}},"29":{"start":{"line":81,"column":4},"end":{"line":81,"column":52}},"30":{"start":{"line":84,"column":27},"end":{"line":95,"column":3}},"31":{"start":{"line":85,"column":4},"end":{"line":85,"column":16}},"32":{"start":{"line":86,"column":4},"end":{"line":94,"column":7}},"33":{"start":{"line":97,"column":2},"end":{"line":191,"column":4}},"34":{"start":{"line":108,"column":12},"end":{"line":108,"column":36}},"35":{"start":{"line":126,"column":38},"end":{"line":126,"column":51}},"36":{"start":{"line":132,"column":29},"end":{"line":132,"column":43}},"37":{"start":{"line":144,"column":16},"end":{"line":144,"column":46}},"38":{"start":{"line":166,"column":40},"end":{"line":166,"column":68}},"39":{"start":{"line":168,"column":18},"end":{"line":183,"column":37}},"40":{"start":{"line":171,"column":22},"end":{"line":174,"column":25}},"41":{"start":{"line":196,"column":22},"end":{"line":285,"column":2}}},"fnMap":{"0":{"name":"(anonymous_0)","decl":{"start":{"line":20,"column":17},"end":{"line":20,"column":18}},"loc":{"start":{"line":20,"column":23},"end":{"line":192,"column":1}},"line":20},"1":{"name":"(anonymous_1)","decl":{"start":{"line":35,"column":12},"end":{"line":35,"column":13}},"loc":{"start":{"line":35,"column":18},"end":{"line":49,"column":3}},"line":35},"2":{"name":"(anonymous_2)","decl":{"start":{"line":38,"column":14},"end":{"line":38,"column":15}},"loc":{"start":{"line":38,"column":24},"end":{"line":38,"column":35}},"line":38},"3":{"name":"(anonymous_3)","decl":{"start":{"line":39,"column":14},"end":{"line":39,"column":15}},"loc":{"start":{"line":39,"column":24},"end":{"line":41,"column":9}},"line":39},"4":{"name":"(anonymous_4)","decl":{"start":{"line":42,"column":15},"end":{"line":42,"column":16}},"loc":{"start":{"line":42,"column":21},"end":{"line":47,"column":9}},"line":42},"5":{"name":"(anonymous_5)","decl":{"start":{"line":51,"column":23},"end":{"line":51,"column":24}},"loc":{"start":{"line":51,"column":48},"end":{"line":77,"column":3}},"line":51},"6":{"name":"(anonymous_6)","decl":{"start":{"line":56,"column":12},"end":{"line":56,"column":13}},"loc":{"start":{"line":56,"column":22},"end":{"line":56,"column":33}},"line":56},"7":{"name":"(anonymous_7)","decl":{"start":{"line":57,"column":12},"end":{"line":57,"column":13}},"loc":{"start":{"line":57,"column":26},"end":{"line":68,"column":7}},"line":57},"8":{"name":"(anonymous_8)","decl":{"start":{"line":69,"column":13},"end":{"line":69,"column":14}},"loc":{"start":{"line":69,"column":24},"end":{"line":76,"column":7}},"line":69},"9":{"name":"(anonymous_9)","decl":{"start":{"line":79,"column":32},"end":{"line":79,"column":33}},"loc":{"start":{"line":79,"column":38},"end":{"line":82,"column":3}},"line":79},"10":{"name":"(anonymous_10)","decl":{"start":{"line":84,"column":27},"end":{"line":84,"column":28}},"loc":{"start":{"line":84,"column":33},"end":{"line":95,"column":3}},"line":84},"11":{"name":"(anonymous_11)","decl":{"start":{"line":107,"column":10},"end":{"line":107,"column":11}},"loc":{"start":{"line":107,"column":20},"end":{"line":109,"column":11}},"line":107},"12":{"name":"(anonymous_12)","decl":{"start":{"line":126,"column":28},"end":{"line":126,"column":29}},"loc":{"start":{"line":126,"column":38},"end":{"line":126,"column":51}},"line":126},"13":{"name":"(anonymous_13)","decl":{"start":{"line":132,"column":23},"end":{"line":132,"column":24}},"loc":{"start":{"line":132,"column":29},"end":{"line":132,"column":43}},"line":132},"14":{"name":"(anonymous_14)","decl":{"start":{"line":143,"column":23},"end":{"line":143,"column":24}},"loc":{"start":{"line":143,"column":29},"end":{"line":145,"column":15}},"line":143},"15":{"name":"(anonymous_15)","decl":{"start":{"line":166,"column":30},"end":{"line":166,"column":31}},"loc":{"start":{"line":166,"column":40},"end":{"line":166,"column":68}},"line":166},"16":{"name":"(anonymous_16)","decl":{"start":{"line":167,"column":28},"end":{"line":167,"column":29}},"loc":{"start":{"line":168,"column":18},"end":{"line":183,"column":37}},"line":168},"17":{"name":"(anonymous_17)","decl":{"start":{"line":170,"column":29},"end":{"line":170,"column":30}},"loc":{"start":{"line":170,"column":35},"end":{"line":175,"column":21}},"line":170}},"branchMap":{"0":{"loc":{"start":{"line":36,"column":4},"end":{"line":48,"column":5}},"type":"if","locations":[{"start":{"line":36,"column":4},"end":{"line":48,"column":5}},{"start":{},"end":{}}],"line":36},"1":{"loc":{"start":{"line":54,"column":57},"end":{"line":54,"column":75}},"type":"binary-expr","locations":[{"start":{"line":54,"column":57},"end":{"line":54,"column":67}},{"start":{"line":54,"column":71},"end":{"line":54,"column":75}}],"line":54},"2":{"loc":{"start":{"line":58,"column":8},"end":{"line":66,"column":9}},"type":"if","locations":[{"start":{"line":58,"column":8},"end":{"line":66,"column":9}},{"start":{"line":63,"column":15},"end":{"line":66,"column":9}}],"line":58},"3":{"loc":{"start":{"line":61,"column":51},"end":{"line":61,"column":69}},"type":"binary-expr","locations":[{"start":{"line":61,"column":51},"end":{"line":61,"column":61}},{"start":{"line":61,"column":65},"end":{"line":61,"column":69}}],"line":61},"4":{"loc":{"start":{"line":114,"column":7},"end":{"line":189,"column":7}},"type":"cond-expr","locations":[{"start":{"line":115,"column":8},"end":{"line":119,"column":10}},{"start":{"line":121,"column":8},"end":{"line":188,"column":15}}],"line":114},"5":{"loc":{"start":{"line":137,"column":11},"end":{"line":187,"column":11}},"type":"cond-expr","locations":[{"start":{"line":138,"column":12},"end":{"line":138,"column":73}},{"start":{"line":139,"column":14},"end":{"line":187,"column":11}}],"line":137},"6":{"loc":{"start":{"line":139,"column":14},"end":{"line":187,"column":11}},"type":"cond-expr","locations":[{"start":{"line":140,"column":12},"end":{"line":161,"column":31}},{"start":{"line":163,"column":12},"end":{"line":186,"column":31}}],"line":139}},"s":{"0":1,"1":1,"2":0,"3":0,"4":0,"5":0,"6":0,"7":0,"8":0,"9":0,"10":0,"11":0,"12":0,"13":0,"14":0,"15":0,"16":0,"17":0,"18":0,"19":0,"20":0,"21":0,"22":0,"23":0,"24":0,"25":0,"26":0,"27":0,"28":0,"29":0,"30":0,"31":0,"32":0,"33":0,"34":0,"35":0,"36":0,"37":0,"38":0,"39":0,"40":0,"41":1},"f":{"0":0,"1":0,"2":0,"3":0,"4":0,"5":0,"6":0,"7":0,"8":0,"9":0,"10":0,"11":0,"12":0,"13":0,"14":0,"15":0,"16":0,"17":0},"b":{"0":[0,0],"1":[0,0],"2":[0,0],"3":[0,0],"4":[0,0],"5":[0,0],"6":[0,0]},"_coverageSchema":"1a1c01bbd47fc00a2c39e90264f33305004495a9","hash":"49193b6b5a9689e70877ae8dfba8880365cc00be"}
,"E:\\REACT-NATIVE-COURSE\\dictionaryApp\\src\\screens\\SearchResult.tsx": {"path":"E:\\REACT-NATIVE-COURSE\\dictionaryApp\\src\\screens\\SearchResult.tsx","statementMap":{"0":{"start":{"line":10,"column":18},"end":{"line":10,"column":42}},"1":{"start":{"line":18,"column":20},"end":{"line":18,"column":37}},"2":{"start":{"line":20,"column":32},"end":{"line":128,"column":1}},"3":{"start":{"line":21,"column":36},"end":{"line":21,"column":51}},"4":{"start":{"line":22,"column":42},"end":{"line":22,"column":57}},"5":{"start":{"line":23,"column":37},"end":{"line":26,"column":4}},"6":{"start":{"line":28,"column":2},"end":{"line":30,"column":5}},"7":{"start":{"line":29,"column":4},"end":{"line":29,"column":35}},"8":{"start":{"line":31,"column":42},"end":{"line":34,"column":4}},"9":{"start":{"line":36,"column":24},"end":{"line":52,"column":3}},"10":{"start":{"line":38,"column":22},"end":{"line":38,"column":76}},"11":{"start":{"line":38,"column":67},"end":{"line":38,"column":75}},"12":{"start":{"line":40,"column":4},"end":{"line":51,"column":5}},"13":{"start":{"line":41,"column":6},"end":{"line":44,"column":9}},"14":{"start":{"line":45,"column":6},"end":{"line":50,"column":8}},"15":{"start":{"line":46,"column":8},"end":{"line":49,"column":10}},"16":{"start":{"line":54,"column":20},"end":{"line":75,"column":3}},"17":{"start":{"line":55,"column":4},"end":{"line":74,"column":5}},"18":{"start":{"line":56,"column":6},"end":{"line":73,"column":7}},"19":{"start":{"line":57,"column":8},"end":{"line":57,"column":33}},"20":{"start":{"line":58,"column":8},"end":{"line":58,"column":28}},"21":{"start":{"line":60,"column":8},"end":{"line":72,"column":9}},"22":{"start":{"line":61,"column":10},"end":{"line":61,"column":52}},"23":{"start":{"line":62,"column":10},"end":{"line":71,"column":15}},"24":{"start":{"line":64,"column":14},"end":{"line":64,"column":36}},"25":{"start":{"line":67,"column":14},"end":{"line":70,"column":17}},"26":{"start":{"line":77,"column":2},"end":{"line":79,"column":9}},"27":{"start":{"line":78,"column":4},"end":{"line":78,"column":20}},"28":{"start":{"line":81,"column":32},"end":{"line":83,"column":3}},"29":{"start":{"line":82,"column":4},"end":{"line":82,"column":52}},"30":{"start":{"line":85,"column":2},"end":{"line":127,"column":4}},"31":{"start":{"line":106,"column":10},"end":{"line":113,"column":12}},"32":{"start":{"line":132,"column":22},"end":{"line":186,"column":2}}},"fnMap":{"0":{"name":"(anonymous_0)","decl":{"start":{"line":20,"column":32},"end":{"line":20,"column":33}},"loc":{"start":{"line":20,"column":64},"end":{"line":128,"column":1}},"line":20},"1":{"name":"(anonymous_1)","decl":{"start":{"line":28,"column":40},"end":{"line":28,"column":41}},"loc":{"start":{"line":28,"column":57},"end":{"line":30,"column":3}},"line":28},"2":{"name":"(anonymous_2)","decl":{"start":{"line":36,"column":24},"end":{"line":36,"column":25}},"loc":{"start":{"line":36,"column":36},"end":{"line":52,"column":3}},"line":36},"3":{"name":"(anonymous_3)","decl":{"start":{"line":38,"column":44},"end":{"line":38,"column":45}},"loc":{"start":{"line":38,"column":67},"end":{"line":38,"column":75}},"line":38},"4":{"name":"(anonymous_4)","decl":{"start":{"line":45,"column":60},"end":{"line":45,"column":61}},"loc":{"start":{"line":46,"column":8},"end":{"line":49,"column":10}},"line":46},"5":{"name":"(anonymous_5)","decl":{"start":{"line":54,"column":20},"end":{"line":54,"column":21}},"loc":{"start":{"line":54,"column":32},"end":{"line":75,"column":3}},"line":54},"6":{"name":"(anonymous_6)","decl":{"start":{"line":63,"column":18},"end":{"line":63,"column":19}},"loc":{"start":{"line":63,"column":24},"end":{"line":65,"column":13}},"line":63},"7":{"name":"(anonymous_7)","decl":{"start":{"line":66,"column":19},"end":{"line":66,"column":20}},"loc":{"start":{"line":66,"column":27},"end":{"line":71,"column":13}},"line":66},"8":{"name":"(anonymous_8)","decl":{"start":{"line":77,"column":12},"end":{"line":77,"column":13}},"loc":{"start":{"line":77,"column":18},"end":{"line":79,"column":3}},"line":77},"9":{"name":"(anonymous_9)","decl":{"start":{"line":81,"column":32},"end":{"line":81,"column":33}},"loc":{"start":{"line":81,"column":38},"end":{"line":83,"column":3}},"line":81},"10":{"name":"(anonymous_10)","decl":{"start":{"line":105,"column":29},"end":{"line":105,"column":30}},"loc":{"start":{"line":105,"column":44},"end":{"line":114,"column":9}},"line":105}},"branchMap":{"0":{"loc":{"start":{"line":40,"column":4},"end":{"line":51,"column":5}},"type":"if","locations":[{"start":{"line":40,"column":4},"end":{"line":51,"column":5}},{"start":{},"end":{}}],"line":40},"1":{"loc":{"start":{"line":55,"column":4},"end":{"line":74,"column":5}},"type":"if","locations":[{"start":{"line":55,"column":4},"end":{"line":74,"column":5}},{"start":{},"end":{}}],"line":55},"2":{"loc":{"start":{"line":56,"column":6},"end":{"line":73,"column":7}},"type":"if","locations":[{"start":{"line":56,"column":6},"end":{"line":73,"column":7}},{"start":{"line":59,"column":13},"end":{"line":73,"column":7}}],"line":56},"3":{"loc":{"start":{"line":60,"column":8},"end":{"line":72,"column":9}},"type":"if","locations":[{"start":{"line":60,"column":8},"end":{"line":72,"column":9}},{"start":{},"end":{}}],"line":60},"4":{"loc":{"start":{"line":61,"column":10},"end":{"line":61,"column":51}},"type":"binary-expr","locations":[{"start":{"line":61,"column":10},"end":{"line":61,"column":22}},{"start":{"line":61,"column":26},"end":{"line":61,"column":51}}],"line":61},"5":{"loc":{"start":{"line":117,"column":7},"end":{"line":123,"column":7}},"type":"binary-expr","locations":[{"start":{"line":117,"column":7},"end":{"line":117,"column":31}},{"start":{"line":118,"column":8},"end":{"line":122,"column":10}}],"line":117},"6":{"loc":{"start":{"line":119,"column":17},"end":{"line":119,"column":50}},"type":"cond-expr","locations":[{"start":{"line":119,"column":30},"end":{"line":119,"column":38}},{"start":{"line":119,"column":41},"end":{"line":119,"column":50}}],"line":119}},"s":{"0":1,"1":1,"2":1,"3":0,"4":0,"5":0,"6":0,"7":0,"8":0,"9":0,"10":0,"11":0,"12":0,"13":0,"14":0,"15":0,"16":0,"17":0,"18":0,"19":0,"20":0,"21":0,"22":0,"23":0,"24":0,"25":0,"26":0,"27":0,"28":0,"29":0,"30":0,"31":0,"32":1},"f":{"0":0,"1":0,"2":0,"3":0,"4":0,"5":0,"6":0,"7":0,"8":0,"9":0,"10":0},"b":{"0":[0,0],"1":[0,0],"2":[0,0],"3":[0,0],"4":[0,0],"5":[0,0],"6":[0,0]},"_coverageSchema":"1a1c01bbd47fc00a2c39e90264f33305004495a9","hash":"31eba8e0ec1a15c5dd51c6c16926cd6b366e1c64"}
}
