{"G:\\New folder (2)\\parkingLot-Builder-expo2\\src\\components\\AddVehicle.tsx": {"path":"G:\\New folder (2)\\parkingLot-Builder-expo2\\src\\components\\AddVehicle.tsx","statementMap":{"0":{"start":{"line":13,"column":44},"end":{"line":50,"column":1}},"1":{"start":{"line":21,"column":2},"end":{"line":49,"column":4}},"2":{"start":{"line":29,"column":12},"end":{"line":29,"column":25}},"3":{"start":{"line":43,"column":14},"end":{"line":43,"column":37}},"4":{"start":{"line":54,"column":15},"end":{"line":73,"column":2}}},"fnMap":{"0":{"name":"(anonymous_0)","decl":{"start":{"line":13,"column":44},"end":{"line":13,"column":45}},"loc":{"start":{"line":20,"column":6},"end":{"line":50,"column":1}},"line":20},"1":{"name":"(anonymous_1)","decl":{"start":{"line":28,"column":24},"end":{"line":28,"column":25}},"loc":{"start":{"line":28,"column":34},"end":{"line":30,"column":11}},"line":28},"2":{"name":"(anonymous_2)","decl":{"start":{"line":42,"column":21},"end":{"line":42,"column":22}},"loc":{"start":{"line":42,"column":27},"end":{"line":44,"column":13}},"line":42}},"branchMap":{},"s":{"0":1,"1":12,"2":0,"3":0,"4":1},"f":{"0":12,"1":0,"2":0},"b":{},"_coverageSchema":"1a1c01bbd47fc00a2c39e90264f33305004495a9","hash":"630d4227000ca04eee80e0f2774adcc919d29e34"}
,"G:\\New folder (2)\\parkingLot-Builder-expo2\\src\\components\\FlatListRender.tsx": {"path":"G:\\New folder (2)\\parkingLot-Builder-expo2\\src\\components\\FlatListRender.tsx","statementMap":{"0":{"start":{"line":13,"column":48},"end":{"line":39,"column":1}},"1":{"start":{"line":19,"column":2},"end":{"line":38,"column":4}},"2":{"start":{"line":22,"column":8},"end":{"line":22,"column":31}},"3":{"start":{"line":23,"column":8},"end":{"line":23,"column":54}},"4":{"start":{"line":43,"column":22},"end":{"line":56,"column":2}}},"fnMap":{"0":{"name":"(anonymous_0)","decl":{"start":{"line":13,"column":48},"end":{"line":13,"column":49}},"loc":{"start":{"line":18,"column":6},"end":{"line":39,"column":1}},"line":18},"1":{"name":"(anonymous_1)","decl":{"start":{"line":21,"column":15},"end":{"line":21,"column":16}},"loc":{"start":{"line":21,"column":21},"end":{"line":24,"column":7}},"line":21}},"branchMap":{"0":{"loc":{"start":{"line":23,"column":8},"end":{"line":23,"column":53}},"type":"cond-expr","locations":[{"start":{"line":23,"column":20},"end":{"line":23,"column":36}},{"start":{"line":23,"column":39},"end":{"line":23,"column":53}}],"line":23},"1":{"loc":{"start":{"line":29,"column":27},"end":{"line":29,"column":54}},"type":"cond-expr","locations":[{"start":{"line":29,"column":39},"end":{"line":29,"column":46}},{"start":{"line":29,"column":49},"end":{"line":29,"column":54}}],"line":29},"2":{"loc":{"start":{"line":34,"column":11},"end":{"line":34,"column":57}},"type":"cond-expr","locations":[{"start":{"line":34,"column":23},"end":{"line":34,"column":29}},{"start":{"line":34,"column":32},"end":{"line":34,"column":57}}],"line":34}},"s":{"0":1,"1":16,"2":0,"3":0,"4":1},"f":{"0":16,"1":0},"b":{"0":[0,0],"1":[16,0],"2":[16,0]},"_coverageSchema":"1a1c01bbd47fc00a2c39e90264f33305004495a9","hash":"3c953644fc1eb2e98645ce409fd388ea307fc09c"}
,"G:\\New folder (2)\\parkingLot-Builder-expo2\\src\\components\\RemoveVehicle.tsx": {"path":"G:\\New folder (2)\\parkingLot-Builder-expo2\\src\\components\\RemoveVehicle.tsx","statementMap":{"0":{"start":{"line":18,"column":46},"end":{"line":70,"column":1}},"1":{"start":{"line":31,"column":22},"end":{"line":38,"column":6}},"2":{"start":{"line":32,"column":6},"end":{"line":36,"column":7}},"3":{"start":{"line":33,"column":8},"end":{"line":33,"column":24}},"4":{"start":{"line":34,"column":8},"end":{"line":34,"column":21}},"5":{"start":{"line":35,"column":8},"end":{"line":35,"column":38}},"6":{"start":{"line":37,"column":6},"end":{"line":37,"column":17}},"7":{"start":{"line":39,"column":4},"end":{"line":39,"column":29}},"8":{"start":{"line":40,"column":4},"end":{"line":40,"column":30}},"9":{"start":{"line":43,"column":2},"end":{"line":69,"column":4}},"10":{"start":{"line":47,"column":8},"end":{"line":47,"column":26}},"11":{"start":{"line":61,"column":14},"end":{"line":61,"column":27}},"12":{"start":{"line":62,"column":14},"end":{"line":62,"column":26}},"13":{"start":{"line":63,"column":14},"end":{"line":63,"column":40}},"14":{"start":{"line":74,"column":22},"end":{"line":109,"column":2}}},"fnMap":{"0":{"name":"(anonymous_0)","decl":{"start":{"line":18,"column":46},"end":{"line":18,"column":47}},"loc":{"start":{"line":29,"column":6},"end":{"line":70,"column":1}},"line":29},"1":{"name":"handleRemoveVehicle","decl":{"start":{"line":30,"column":11},"end":{"line":30,"column":30}},"loc":{"start":{"line":30,"column":33},"end":{"line":41,"column":3}},"line":30},"2":{"name":"(anonymous_2)","decl":{"start":{"line":31,"column":35},"end":{"line":31,"column":36}},"loc":{"start":{"line":31,"column":44},"end":{"line":38,"column":5}},"line":31},"3":{"name":"(anonymous_3)","decl":{"start":{"line":46,"column":14},"end":{"line":46,"column":15}},"loc":{"start":{"line":46,"column":20},"end":{"line":48,"column":7}},"line":46},"4":{"name":"(anonymous_4)","decl":{"start":{"line":60,"column":21},"end":{"line":60,"column":22}},"loc":{"start":{"line":60,"column":27},"end":{"line":64,"column":13}},"line":60}},"branchMap":{"0":{"loc":{"start":{"line":32,"column":6},"end":{"line":36,"column":7}},"type":"if","locations":[{"start":{"line":32,"column":6},"end":{"line":36,"column":7}},{"start":{},"end":{}}],"line":32}},"s":{"0":1,"1":0,"2":0,"3":0,"4":0,"5":0,"6":0,"7":0,"8":0,"9":12,"10":0,"11":0,"12":0,"13":0,"14":1},"f":{"0":12,"1":0,"2":0,"3":0,"4":0},"b":{"0":[0,0]},"_coverageSchema":"1a1c01bbd47fc00a2c39e90264f33305004495a9","hash":"5e8a8274f0c093e6bfcb11a293e8391842a4116b"}
,"G:\\New folder (2)\\parkingLot-Builder-expo2\\src\\screens\\Home.tsx": {"path":"G:\\New folder (2)\\parkingLot-Builder-expo2\\src\\screens\\Home.tsx","statementMap":{"0":{"start":{"line":8,"column":17},"end":{"line":31,"column":1}},"1":{"start":{"line":9,"column":26},"end":{"line":9,"column":45}},"2":{"start":{"line":11,"column":21},"end":{"line":11,"column":75}},"3":{"start":{"line":13,"column":2},"end":{"line":30,"column":4}},"4":{"start":{"line":19,"column":32},"end":{"line":19,"column":53}},"5":{"start":{"line":26,"column":10},"end":{"line":26,"column":62}},"6":{"start":{"line":35,"column":22},"end":{"line":50,"column":2}}},"fnMap":{"0":{"name":"(anonymous_0)","decl":{"start":{"line":8,"column":17},"end":{"line":8,"column":18}},"loc":{"start":{"line":8,"column":23},"end":{"line":31,"column":1}},"line":8},"1":{"name":"(anonymous_1)","decl":{"start":{"line":19,"column":22},"end":{"line":19,"column":23}},"loc":{"start":{"line":19,"column":32},"end":{"line":19,"column":53}},"line":19},"2":{"name":"(anonymous_2)","decl":{"start":{"line":25,"column":17},"end":{"line":25,"column":18}},"loc":{"start":{"line":25,"column":23},"end":{"line":27,"column":9}},"line":25}},"branchMap":{},"s":{"0":1,"1":4,"2":4,"3":4,"4":0,"5":0,"6":1},"f":{"0":4,"1":0,"2":0},"b":{},"_coverageSchema":"1a1c01bbd47fc00a2c39e90264f33305004495a9","hash":"cb6611ad432970758ff6a7b250395ab6ab392308"}
,"G:\\New folder (2)\\parkingLot-Builder-expo2\\src\\screens\\ParkingSpace.tsx": {"path":"G:\\New folder (2)\\parkingLot-Builder-expo2\\src\\screens\\ParkingSpace.tsx","statementMap":{"0":{"start":{"line":33,"column":40},"end":{"line":181,"column":1}},"1":{"start":{"line":34,"column":34},"end":{"line":34,"column":71}},"2":{"start":{"line":35,"column":38},"end":{"line":35,"column":57}},"3":{"start":{"line":37,"column":4},"end":{"line":37,"column":47}},"4":{"start":{"line":38,"column":24},"end":{"line":38,"column":44}},"5":{"start":{"line":39,"column":42},"end":{"line":39,"column":66}},"6":{"start":{"line":40,"column":48},"end":{"line":40,"column":72}},"7":{"start":{"line":41,"column":36},"end":{"line":41,"column":60}},"8":{"start":{"line":43,"column":24},"end":{"line":43,"column":43}},"9":{"start":{"line":44,"column":26},"end":{"line":44,"column":45}},"10":{"start":{"line":46,"column":2},"end":{"line":48,"column":9}},"11":{"start":{"line":47,"column":4},"end":{"line":47,"column":15}},"12":{"start":{"line":50,"column":2},"end":{"line":52,"column":17}},"13":{"start":{"line":51,"column":4},"end":{"line":51,"column":56}},"14":{"start":{"line":51,"column":45},"end":{"line":51,"column":53}},"15":{"start":{"line":55,"column":20},"end":{"line":55,"column":22}},"16":{"start":{"line":56,"column":4},"end":{"line":63,"column":5}},"17":{"start":{"line":56,"column":17},"end":{"line":56,"column":18}},"18":{"start":{"line":57,"column":6},"end":{"line":62,"column":9}},"19":{"start":{"line":64,"column":4},"end":{"line":64,"column":27}},"20":{"start":{"line":68,"column":22},"end":{"line":68,"column":69}},"21":{"start":{"line":69,"column":4},"end":{"line":69,"column":46}},"22":{"start":{"line":73,"column":4},"end":{"line":73,"column":46}},"23":{"start":{"line":74,"column":4},"end":{"line":74,"column":15}},"24":{"start":{"line":75,"column":4},"end":{"line":87,"column":5}},"25":{"start":{"line":76,"column":6},"end":{"line":78,"column":7}},"26":{"start":{"line":77,"column":8},"end":{"line":77,"column":20}},"27":{"start":{"line":79,"column":6},"end":{"line":81,"column":7}},"28":{"start":{"line":80,"column":8},"end":{"line":80,"column":30}},"29":{"start":{"line":83,"column":6},"end":{"line":83,"column":25}},"30":{"start":{"line":84,"column":6},"end":{"line":86,"column":15}},"31":{"start":{"line":85,"column":8},"end":{"line":85,"column":28}},"32":{"start":{"line":91,"column":4},"end":{"line":91,"column":59}},"33":{"start":{"line":95,"column":23},"end":{"line":97,"column":5}},"34":{"start":{"line":98,"column":24},"end":{"line":98,"column":65}},"35":{"start":{"line":99,"column":4},"end":{"line":99,"column":24}},"36":{"start":{"line":101,"column":4},"end":{"line":105,"column":5}},"37":{"start":{"line":102,"column":6},"end":{"line":102,"column":18}},"38":{"start":{"line":104,"column":6},"end":{"line":104,"column":43}},"39":{"start":{"line":109,"column":4},"end":{"line":109,"column":52}},"40":{"start":{"line":110,"column":4},"end":{"line":124,"column":5}},"41":{"start":{"line":111,"column":6},"end":{"line":122,"column":8}},"42":{"start":{"line":113,"column":10},"end":{"line":120,"column":18}},"43":{"start":{"line":123,"column":6},"end":{"line":123,"column":29}},"44":{"start":{"line":127,"column":2},"end":{"line":180,"column":4}},"45":{"start":{"line":133,"column":44},"end":{"line":133,"column":65}},"46":{"start":{"line":134,"column":33},"end":{"line":134,"column":44}},"47":{"start":{"line":142,"column":47},"end":{"line":142,"column":71}},"48":{"start":{"line":145,"column":35},"end":{"line":145,"column":46}},"49":{"start":{"line":146,"column":37},"end":{"line":146,"column":50}},"50":{"start":{"line":149,"column":10},"end":{"line":149,"column":31}},"51":{"start":{"line":155,"column":25},"end":{"line":155,"column":44}},"52":{"start":{"line":162,"column":23},"end":{"line":162,"column":38}},"53":{"start":{"line":168,"column":12},"end":{"line":175,"column":14}},"54":{"start":{"line":172,"column":16},"end":{"line":172,"column":34}},"55":{"start":{"line":185,"column":22},"end":{"line":213,"column":2}}},"fnMap":{"0":{"name":"(anonymous_0)","decl":{"start":{"line":33,"column":40},"end":{"line":33,"column":41}},"loc":{"start":{"line":33,"column":51},"end":{"line":181,"column":1}},"line":33},"1":{"name":"(anonymous_1)","decl":{"start":{"line":46,"column":12},"end":{"line":46,"column":13}},"loc":{"start":{"line":46,"column":18},"end":{"line":48,"column":3}},"line":46},"2":{"name":"(anonymous_2)","decl":{"start":{"line":50,"column":12},"end":{"line":50,"column":13}},"loc":{"start":{"line":50,"column":18},"end":{"line":52,"column":3}},"line":50},"3":{"name":"(anonymous_3)","decl":{"start":{"line":51,"column":36},"end":{"line":51,"column":37}},"loc":{"start":{"line":51,"column":45},"end":{"line":51,"column":53}},"line":51},"4":{"name":"drawLots","decl":{"start":{"line":54,"column":11},"end":{"line":54,"column":19}},"loc":{"start":{"line":54,"column":22},"end":{"line":65,"column":3}},"line":54},"5":{"name":"getRandom","decl":{"start":{"line":67,"column":11},"end":{"line":67,"column":20}},"loc":{"start":{"line":67,"column":23},"end":{"line":70,"column":3}},"line":67},"6":{"name":"handleAdd","decl":{"start":{"line":72,"column":11},"end":{"line":72,"column":20}},"loc":{"start":{"line":72,"column":38},"end":{"line":88,"column":3}},"line":72},"7":{"name":"(anonymous_7)","decl":{"start":{"line":84,"column":17},"end":{"line":84,"column":18}},"loc":{"start":{"line":84,"column":23},"end":{"line":86,"column":7}},"line":84},"8":{"name":"handleRemove","decl":{"start":{"line":90,"column":11},"end":{"line":90,"column":23}},"loc":{"start":{"line":90,"column":26},"end":{"line":92,"column":3}},"line":90},"9":{"name":"calculateHrsAmt","decl":{"start":{"line":94,"column":11},"end":{"line":94,"column":26}},"loc":{"start":{"line":94,"column":29},"end":{"line":106,"column":3}},"line":94},"10":{"name":"handleAddModal","decl":{"start":{"line":108,"column":11},"end":{"line":108,"column":25}},"loc":{"start":{"line":108,"column":28},"end":{"line":125,"column":3}},"line":108},"11":{"name":"(anonymous_11)","decl":{"start":{"line":112,"column":21},"end":{"line":112,"column":22}},"loc":{"start":{"line":112,"column":30},"end":{"line":121,"column":9}},"line":112},"12":{"name":"(anonymous_12)","decl":{"start":{"line":133,"column":25},"end":{"line":133,"column":26}},"loc":{"start":{"line":133,"column":44},"end":{"line":133,"column":65}},"line":133},"13":{"name":"(anonymous_13)","decl":{"start":{"line":134,"column":16},"end":{"line":134,"column":17}},"loc":{"start":{"line":134,"column":33},"end":{"line":134,"column":44}},"line":134},"14":{"name":"(anonymous_14)","decl":{"start":{"line":142,"column":28},"end":{"line":142,"column":29}},"loc":{"start":{"line":142,"column":47},"end":{"line":142,"column":71}},"line":142},"15":{"name":"(anonymous_15)","decl":{"start":{"line":145,"column":18},"end":{"line":145,"column":19}},"loc":{"start":{"line":145,"column":35},"end":{"line":145,"column":46}},"line":145},"16":{"name":"(anonymous_16)","decl":{"start":{"line":146,"column":19},"end":{"line":146,"column":20}},"loc":{"start":{"line":146,"column":37},"end":{"line":146,"column":50}},"line":146},"17":{"name":"(anonymous_17)","decl":{"start":{"line":148,"column":21},"end":{"line":148,"column":22}},"loc":{"start":{"line":149,"column":10},"end":{"line":149,"column":31}},"line":149},"18":{"name":"(anonymous_18)","decl":{"start":{"line":155,"column":19},"end":{"line":155,"column":20}},"loc":{"start":{"line":155,"column":25},"end":{"line":155,"column":44}},"line":155},"19":{"name":"(anonymous_19)","decl":{"start":{"line":162,"column":17},"end":{"line":162,"column":18}},"loc":{"start":{"line":162,"column":23},"end":{"line":162,"column":38}},"line":162},"20":{"name":"(anonymous_20)","decl":{"start":{"line":167,"column":22},"end":{"line":167,"column":23}},"loc":{"start":{"line":168,"column":12},"end":{"line":175,"column":14}},"line":168},"21":{"name":"(anonymous_21)","decl":{"start":{"line":171,"column":29},"end":{"line":171,"column":30}},"loc":{"start":{"line":171,"column":37},"end":{"line":173,"column":15}},"line":171}},"branchMap":{"0":{"loc":{"start":{"line":75,"column":4},"end":{"line":87,"column":5}},"type":"if","locations":[{"start":{"line":75,"column":4},"end":{"line":87,"column":5}},{"start":{"line":82,"column":11},"end":{"line":87,"column":5}}],"line":75},"1":{"loc":{"start":{"line":76,"column":6},"end":{"line":78,"column":7}},"type":"if","locations":[{"start":{"line":76,"column":6},"end":{"line":78,"column":7}},{"start":{},"end":{}}],"line":76},"2":{"loc":{"start":{"line":79,"column":6},"end":{"line":81,"column":7}},"type":"if","locations":[{"start":{"line":79,"column":6},"end":{"line":81,"column":7}},{"start":{},"end":{}}],"line":79},"3":{"loc":{"start":{"line":91,"column":4},"end":{"line":91,"column":58}},"type":"binary-expr","locations":[{"start":{"line":91,"column":4},"end":{"line":91,"column":30}},{"start":{"line":91,"column":34},"end":{"line":91,"column":58}}],"line":91},"4":{"loc":{"start":{"line":101,"column":4},"end":{"line":105,"column":5}},"type":"if","locations":[{"start":{"line":101,"column":4},"end":{"line":105,"column":5}},{"start":{"line":103,"column":11},"end":{"line":105,"column":5}}],"line":101},"5":{"loc":{"start":{"line":110,"column":4},"end":{"line":124,"column":5}},"type":"if","locations":[{"start":{"line":110,"column":4},"end":{"line":124,"column":5}},{"start":{},"end":{}}],"line":110},"6":{"loc":{"start":{"line":113,"column":17},"end":{"line":120,"column":17}},"type":"cond-expr","locations":[{"start":{"line":114,"column":14},"end":{"line":119,"column":15}},{"start":{"line":120,"column":14},"end":{"line":120,"column":17}}],"line":113}},"s":{"0":1,"1":12,"2":12,"3":12,"4":12,"5":12,"6":12,"7":12,"8":12,"9":12,"10":12,"11":4,"12":12,"13":8,"14":8,"15":4,"16":4,"17":4,"18":8,"19":4,"20":0,"21":0,"22":0,"23":0,"24":0,"25":0,"26":0,"27":0,"28":0,"29":0,"30":0,"31":0,"32":0,"33":0,"34":0,"35":0,"36":0,"37":0,"38":0,"39":0,"40":0,"41":0,"42":0,"43":0,"44":12,"45":0,"46":0,"47":0,"48":0,"49":0,"50":0,"51":0,"52":0,"53":16,"54":0,"55":1},"f":{"0":12,"1":4,"2":8,"3":8,"4":4,"5":0,"6":0,"7":0,"8":0,"9":0,"10":0,"11":0,"12":0,"13":0,"14":0,"15":0,"16":0,"17":0,"18":0,"19":0,"20":16,"21":0},"b":{"0":[0,0],"1":[0,0],"2":[0,0],"3":[0,0],"4":[0,0],"5":[0,0],"6":[0,0]},"_coverageSchema":"1a1c01bbd47fc00a2c39e90264f33305004495a9","hash":"309d0cb414797c164110c5122a295261d770a2d1"}
}
