TN:
SF:src\components\Button.tsx
FN:19,(anonymous_0)
FNF:1
FNH:0
FNDA:0,(anonymous_0)
DA:19,1
DA:26,0
DA:42,1
LF:3
LH:2
BRDA:29,0,0,0
BRDA:29,0,1,0
BRDA:31,1,0,0
BRDA:31,1,1,0
BRDA:33,2,0,0
BRDA:33,2,1,0
BRF:6
BRH:0
end_of_record
TN:
SF:src\components\FlatListRender.tsx
FN:13,(anonymous_0)
FN:17,(anonymous_1)
FNF:2
FNH:0
FNDA:0,(anonymous_0)
FNDA:0,(anonymous_1)
DA:6,1
DA:13,1
DA:14,0
DA:18,0
DA:33,1
LF:5
LH:3
BRF:0
BRH:0
end_of_record
TN:
SF:src\components\RandomWordShowcase.tsx
FN:16,(anonymous_0)
FNF:1
FNH:0
FNDA:0,(anonymous_0)
DA:12,1
DA:16,1
DA:22,0
DA:44,1
LF:4
LH:3
BRF:0
BRH:0
end_of_record
TN:
SF:src\screens\Home.tsx
FN:22,(anonymous_0)
FN:37,(anonymous_1)
FN:40,(anonymous_2)
FN:41,(anonymous_3)
FN:44,(anonymous_4)
FN:53,(anonymous_5)
FN:56,(anonymous_6)
FN:57,(anonymous_7)
FN:69,(anonymous_8)
FN:79,(anonymous_9)
FN:84,(anonymous_10)
FN:107,(anonymous_11)
FN:126,(anonymous_12)
FN:132,(anonymous_13)
FN:144,(anonymous_14)
FN:151,(anonymous_15)
FN:152,(anonymous_16)
FN:155,(anonymous_17)
FNF:18
FNH:0
FNDA:0,(anonymous_0)
FNDA:0,(anonymous_1)
FNDA:0,(anonymous_2)
FNDA:0,(anonymous_3)
FNDA:0,(anonymous_4)
FNDA:0,(anonymous_5)
FNDA:0,(anonymous_6)
FNDA:0,(anonymous_7)
FNDA:0,(anonymous_8)
FNDA:0,(anonymous_9)
FNDA:0,(anonymous_10)
FNDA:0,(anonymous_11)
FNDA:0,(anonymous_12)
FNDA:0,(anonymous_13)
FNDA:0,(anonymous_14)
FNDA:0,(anonymous_15)
FNDA:0,(anonymous_16)
FNDA:0,(anonymous_17)
DA:20,1
DA:22,1
DA:23,0
DA:24,0
DA:25,0
DA:26,0
DA:27,0
DA:28,0
DA:32,0
DA:37,0
DA:38,0
DA:39,0
DA:40,0
DA:42,0
DA:45,0
DA:53,0
DA:54,0
DA:55,0
DA:56,0
DA:58,0
DA:59,0
DA:64,0
DA:65,0
DA:67,0
DA:70,0
DA:71,0
DA:75,0
DA:79,0
DA:80,0
DA:81,0
DA:84,0
DA:85,0
DA:86,0
DA:97,0
DA:108,0
DA:126,0
DA:132,0
DA:145,0
DA:151,0
DA:153,0
DA:156,0
DA:173,1
LF:42
LH:3
BRDA:38,0,0,0
BRDA:38,0,1,0
BRDA:55,1,0,0
BRDA:55,1,1,0
BRDA:58,2,0,0
BRDA:58,2,1,0
BRDA:61,3,0,0
BRDA:61,3,1,0
BRDA:114,4,0,0
BRDA:114,4,1,0
BRDA:137,5,0,0
BRDA:137,5,1,0
BRDA:139,6,0,0
BRDA:139,6,1,0
BRF:14
BRH:0
end_of_record
TN:
SF:src\screens\SearchResult.tsx
FN:20,(anonymous_0)
FN:28,(anonymous_1)
FN:37,(anonymous_2)
FN:39,(anonymous_3)
FN:46,(anonymous_4)
FN:55,(anonymous_5)
FN:64,(anonymous_6)
FN:67,(anonymous_7)
FN:78,(anonymous_8)
FN:82,(anonymous_9)
FN:107,(anonymous_10)
FNF:11
FNH:0
FNDA:0,(anonymous_0)
FNDA:0,(anonymous_1)
FNDA:0,(anonymous_2)
FNDA:0,(anonymous_3)
FNDA:0,(anonymous_4)
FNDA:0,(anonymous_5)
FNDA:0,(anonymous_6)
FNDA:0,(anonymous_7)
FNDA:0,(anonymous_8)
FNDA:0,(anonymous_9)
FNDA:0,(anonymous_10)
DA:10,1
DA:18,1
DA:20,1
DA:21,0
DA:22,0
DA:23,0
DA:28,0
DA:30,0
DA:32,0
DA:37,0
DA:39,0
DA:41,0
DA:42,0
DA:46,0
DA:47,0
DA:55,0
DA:56,0
DA:57,0
DA:58,0
DA:59,0
DA:61,0
DA:62,0
DA:63,0
DA:65,0
DA:68,0
DA:78,0
DA:79,0
DA:82,0
DA:83,0
DA:86,0
DA:108,0
DA:134,1
LF:32
LH:4
BRDA:41,0,0,0
BRDA:41,0,1,0
BRDA:56,1,0,0
BRDA:56,1,1,0
BRDA:57,2,0,0
BRDA:57,2,1,0
BRDA:61,3,0,0
BRDA:61,3,1,0
BRDA:62,4,0,0
BRDA:62,4,1,0
BRDA:119,5,0,0
BRDA:119,5,1,0
BRDA:121,6,0,0
BRDA:121,6,1,0
BRF:14
BRH:0
end_of_record
TN:
SF:src\types\home.ts
FNF:0
FNH:0
DA:8,1
DA:10,1
LF:2
LH:2
BRF:0
BRH:0
end_of_record
